[DEBUG   ] confapp.settings_manager                 + SETTINGS: local_settings                    confapp.settings_[DEBUG   ] confapp.settings_manager                 + SETTINGS: pyforms.settings confapp.settings_manager - DEBUG -[DEBUG   ] confapp.settings_manager                 + SETTINGS: h5py._conv - DEBUG - Creating converter from 7 to 5[h5py._conv - DEBUG - Creating converter from 5 to 7
h5py._conv - DEBUG - Creating converter from 7 to 5
h5py._conv - DEBUG - Creating converter from 5 to 7
idtrackerai_app.base_idtrackerai - INFO - TENSORFLOW DEVICES: [_DeviceAttributes(/job:localhost/replica:0/task:0/device:CPU:0, CPU, 268435456, 16446472012013406999), _DeviceAt[INFO    ] idtrackerai_app.base_idtrackerai         TENSORFLOW DEVICES: [_DeviceAttributes(/job:localho/opt/conda/lib/python3.6/site-packages/pyforms_terminal/basewidget.py - DEBUG - --------- LOADING TERMINAL PARAMS ---------
/opt/conda/lib/python3.6/site-packages/pyforms_terminal/basewidget.py - DEBUG - [                       Session]: [20220204_1414_L_q1]
/opt/conda/lib/python3.6/site-packages/pyforms_terminal/basewidget.py - DEBUG - [                         Video]: [/hps/nobackup/birney/users/ian/Kiyosu_CC/split/novel_object/20220204_141[DEBUG   ] //opt/conda/lib/python3.6/site-packages/pyforms_terminal/basewidget.py - DEBUG - [Video file. Note: overwrite the _video parameter defined in the json. Nice to have to execute the applicati[DEBUG   ] /opt/conda/lib/python3.6/s/opt/conda/lib/python3.6/site-packages/pyforms_terminal/basewidget.py - DEBUG - [                     Apply ROI]: [False]
/opt/conda/lib/python3.6/site-packages/pyforms_terminal/basewidget.py - DEBUG - [                           ROI]: [None]
/opt/conda/lib/python3.6/site-packages/pyforms_terminal/basewidget.py - DEBUG - [           Subtract __main__.py_utils - INFO - Setting MKL library to use single thread
__main__.segmentation_utils - DEBUG - one single video, computing bkg in parallel from single video
__main__.segmentation_utils - DEBUG - Finished parallel loop for bkg subtraction
__main__.py_utils - INFO - Setting MKL library to use multiple threads
/opt/conda/lib/python3.6/site-packages/pyforms_terminal/basewidget.py - DEBUG - [           Subtract background]: [True]
/opt/conda/lib/python3.6/site-packages/pyforms_terminal/basewidget.py - DEBUG - [            Check segmentation]: [False]
/opt/conda/lib/python3.6/site-packages/pyforms_terminal/basewidget.py - DEBUG - [          Resolution reduction]: [1.0]
/opt/conda/lib/python3.6/site-packages/pyforms_terminal/basewidget.py - DEBUG - [          Intensity thresholds]: [[0, 155]]
/opt/conda/lib/python3.6/site-packages/pyforms_terminal/basewidget.py - DEBUG - [               Area thresholds]: [[30, 1000]]
/opt/conda/lib/python3.6/site-packages/pyforms_terminal/basewidget.py - DEBUG - [             Tracking interval]: [[0, 17400]]
/opt/conda/lib/python3.6/site-packages/pyforms_terminal/basewidget.py - DEBUG - [             Number of animals]: [2.0]
/opt/conda/lib/python3.6/site-packages/pyforms_terminal/basewidget.py - DEBUG - [            Tracking intervals]: [None]
/opt/conda/lib/python3.6/site-packages/pyforms_terminal/basewidget.py - DEBUG - [                      Multiple]: [False]
/opt/conda/lib/python3.6/site-packages/pyforms_terminal/basewidget.py - DEBUG - [      Track without identities]: [False]
/opt/conda/lib/python3.6/site-packages/pyforms_terminal/basewidget.py - DEBUG - --------- END LOADING TERMINAL PARAMS ---------
/opt/conda/lib/python3.6/site-packages/pyforms_terminal/basewidget.py - DEBUG - --------- FIELDS FINAL VALUES ---------
/opt/conda/lib/python3.6/site-packages/pyforms_terminal/basewidget.py - DEBUG - [                      _session]: [20220207_1420_R_q4]
/opt/conda/lib/python3.6/site-packages/pyforms_terminal/basewidget.py - DEBUG - [                        _video]: [/hps/nobackup/birney/users/ian/Kiyosu_CC/split/novel_object/20220207_1420_R_q4.avi]
/opt/conda/lib/python3.6/site-packages/pyforms_terminal/basewidget.py - DEBUG - [                   _video_path]: [None]
/opt/conda/lib/python3.6/site-packages/pyforms_terminal/basewidget.py - DEBUG - [                     _applyroi]: [False]
/opt/conda/lib/python3.6/site-packages/pyforms_terminal/basewidget.py - DEBUG - [                          _roi]: [None]
/opt/conda/lib/python3.6/site-packages/pyforms_terminal/basewidget.py - DEBUG - [                        _bgsub]: [True]
/opt/conda/lib/python3.6/site-packages/pyforms_terminal/basewidget.py - DEBUG - [                     _chcksegm]: [False]
/opt/conda/lib/python3.6/site-packages/pyforms_terminal/basewidget.py - DEBUG - [                    _resreduct]: [1.0]
/opt/conda/lib/python3.6/site-packages/pyforms_terminal/basewidget.py - DEBUG - [                    _intensity]: [[0, 155]]
/opt/conda/lib/python3.6/site-packages/pyforms_terminal/basewidget.py - DEBUG - [                         _area]: [[30, 1000]]
/opt/conda/lib/python3.6/site-packages/pyforms_terminal/basewidget.py - DEBUG - [                        _range]: [[0, 17400]]
/opt/conda/lib/python3.6/site-packages/pyforms_terminal/basewidget.py - DEBUG - [                       _nblobs]: [2.0]
/opt/conda/lib/python3.6/site-packages/pyforms_terminal/basewidget.py - DEBUG - [                     _progress]: [None]
/opt/conda/lib/python3.6/site-packages/pyforms_terminal/basewidget.py - DEBUG - [                     _rangelst]: [None]
/opt/conda/lib/python3.6/site-packages/pyforms_terminal/basewidget.py - DEBUG - [               _multiple_range]: [False]
/opt/conda/lib/python3.6/site-packages/pyforms_terminal/basewidget.py - DEBUG - [                       _no_ids]: [False]
/opt/conda/lib/python3.6/site-packages/pyforms_terminal/basewidget.py - DEBUG - --------- END FIELDS FINAL VALUES ---------
__main__.video - DEBUG - Video object init
__main__.video - DEBUG - Video(open_multiple_files=False)
__main__.video - INFO - the folder /hps/nobackup/birney/users/ian/Kiyosu_CC/split/novel_object/session_20220207_1420_R_q4 has been created
idtrackerai_app.base_idtrackerai - DEBUG - create Chosen_Video
__main__.video - DEBUG - Video object init
__main__.video - DEBUG - Video(open_multiple_files=False)
idtrackerai_app.base_idtrackerai - DEBUG - before init PreprocessingPreviewAPI
idtrackerai_app.base_idtrackerai - DEBUG - pre object: <idtrackerai.preprocessing_preview_api.PreprocessingPreviewAPI object at 0x14b851a0e6d8>
idtrackerai_app.base_idtrackerai - DEBUG - call: init_preview
idtrackerai.preprocessing_preview_api - DEBUG - init_preview
idtrackerai.preprocessing_preview_api - DEBUG - init_preproc_parameters
idtrackerai.preprocessing_preview_api - DEBUG - init_segment_zero
idtrackerai_app.base_idtrackerai - DEBUG - call: init_preproc_parameters
idtrackerai.preprocessing_preview_api - DEBUG - init_preproc_parameters
idtrackerai_app.base_idtrackerai - DEBUG - call: segment
idtrackerai.preprocessing_preview_api - DEBUG - segment
idtrackerai.preprocessing_preview_api - DEBUG - segment 1
idtrackerai.preprocessing_preview_api - DEBUG - segment 2
__main__.video - INFO - saving video object in /hps/nobackup/birney/users/ian/Kiyosu_CC/split/novel_object/session_20220207_1420_R_q4/video_object.npy
__main__.video - DEBUG - Video.save(open_multiple_files=False)
__main__.video - INFO - the folder /hps/nobackup/birney/users/ian/Kiyosu_CC/split/novel_object/session_20220207_1420_R_q4/segmentation_data has been created
__main__.video - INFO - the folder /hps/nobackup/birney/users/ian/Kiyosu_CC/split/novel_object/session_20220207_1420_R_q4/identification_images has been created
idtrackerai_app.base_idtrackerai - DEBUG - call: compute_list_of_blobs
__main__.py_utils - INFO - Setting MKL library to use single thread
__main__.segmentation - INFO - There is only one path, segmenting by frame indices
G   ] __main__.video                           Video.save(open_multiple_files=False)
[INFO    ] __main__.video                           the folder /hps/nobackup/birney/users/ian/Kiyosu_CC/split/novel_object/session_20220207_1420_R_q4/segmentation_data has been created
[INFO    ] __main__.video                           the folder /hps/nobackup/birney/users/ian/Kiyosu_CC/split/novel_object/session_20220207_1420_R_q4/identification_images has been created
[DEBUG   ] idtrackerai_app.base_idtrackerai         call: compute_list_of_blobs
[INFO    ] __main__.py_utils                        Setting MKL library to use single thread
[INFO    ] __main__.segmentation                    There is only one path, segmenting by frame indices
